0 info it worked if it ends with ok
1 verbose cli [ 'node', '/usr/local/bin/npm', 'install', 'package_name' ]
2 info using npm@2.7.4
3 info using node@v0.12.2
4 silly cache add args [ 'package_name', null ]
5 verbose cache add spec package_name
6 silly cache add parsed spec { raw: 'package_name',
6 silly cache add   scope: null,
6 silly cache add   name: 'package_name',
6 silly cache add   rawSpec: '',
6 silly cache add   spec: '*',
6 silly cache add   type: 'range' }
7 verbose addNamed package_name@*
8 silly addNamed semver.valid null
9 silly addNamed semver.validRange *
10 silly addNameRange { name: 'package_name', range: '*', hasData: false }
11 silly mapToRegistry name package_name
12 silly mapToRegistry using default registry
13 silly mapToRegistry registry https://registry.npmjs.org/
14 silly mapToRegistry uri https://registry.npmjs.org/package_name
15 verbose addNameRange registry:https://registry.npmjs.org/package_name not in flight; fetching
16 verbose request uri https://registry.npmjs.org/package_name
17 verbose request no auth needed
18 info attempt registry request try #1 at 3:35:25 AM
19 verbose request id a203163fa211d45f
20 http request GET https://registry.npmjs.org/package_name
21 http 404 https://registry.npmjs.org/package_name
22 verbose headers { date: 'Fri, 03 Apr 2015 10:35:25 GMT',
22 verbose headers   server: 'CouchDB/1.5.0 (Erlang OTP/R16B03)',
22 verbose headers   etag: '"6BHEJ661D4EATQ4CVCYXUWG2B"',
22 verbose headers   'content-type': 'application/json',
22 verbose headers   'cache-control': 'max-age=0',
22 verbose headers   'content-length': '412',
22 verbose headers   'accept-ranges': 'bytes',
22 verbose headers   via: '1.1 varnish',
22 verbose headers   age: '0',
22 verbose headers   'x-served-by': 'cache-lax1427-LAX',
22 verbose headers   'x-cache': 'MISS',
22 verbose headers   'x-cache-hits': '0',
22 verbose headers   'x-timer': 'S1428057325.421380,VS0,VE79',
22 verbose headers   vary: 'Accept',
22 verbose headers   'keep-alive': 'timeout=10, max=50',
22 verbose headers   connection: 'Keep-Alive' }
23 silly get cb [ 404,
23 silly get   { date: 'Fri, 03 Apr 2015 10:35:25 GMT',
23 silly get     server: 'CouchDB/1.5.0 (Erlang OTP/R16B03)',
23 silly get     etag: '"6BHEJ661D4EATQ4CVCYXUWG2B"',
23 silly get     'content-type': 'application/json',
23 silly get     'cache-control': 'max-age=0',
23 silly get     'content-length': '412',
23 silly get     'accept-ranges': 'bytes',
23 silly get     via: '1.1 varnish',
23 silly get     age: '0',
23 silly get     'x-served-by': 'cache-lax1427-LAX',
23 silly get     'x-cache': 'MISS',
23 silly get     'x-cache-hits': '0',
23 silly get     'x-timer': 'S1428057325.421380,VS0,VE79',
23 silly get     vary: 'Accept',
23 silly get     'keep-alive': 'timeout=10, max=50',
23 silly get     connection: 'Keep-Alive' } ]
24 verbose stack Error: Registry returned 404 for GET on https://registry.npmjs.org/package_name
24 verbose stack     at CachingRegistryClient.<anonymous> (/usr/local/lib/node_modules/npm/node_modules/npm-registry-client/lib/request.js:239:14)
24 verbose stack     at Request._callback (/usr/local/lib/node_modules/npm/node_modules/npm-registry-client/lib/request.js:170:14)
24 verbose stack     at Request.self.callback (/usr/local/lib/node_modules/npm/node_modules/request/request.js:344:22)
24 verbose stack     at Request.emit (events.js:110:17)
24 verbose stack     at Request.<anonymous> (/usr/local/lib/node_modules/npm/node_modules/request/request.js:1239:14)
24 verbose stack     at Request.emit (events.js:129:20)
24 verbose stack     at IncomingMessage.<anonymous> (/usr/local/lib/node_modules/npm/node_modules/request/request.js:1187:12)
24 verbose stack     at IncomingMessage.emit (events.js:129:20)
24 verbose stack     at _stream_readable.js:908:16
24 verbose stack     at process._tickCallback (node.js:355:11)
25 verbose statusCode 404
26 verbose pkgid package_name
27 verbose cwd /Users/bhavik/Downloads/Kruti Coding Dojo/week7_javascript/Hello_Express
28 error Darwin 14.1.0
29 error argv "node" "/usr/local/bin/npm" "install" "package_name"
30 error node v0.12.2
31 error npm  v2.7.4
32 error code E404
33 error 404 Registry returned 404 for GET on https://registry.npmjs.org/package_name
33 error 404
33 error 404 'package_name' is not in the npm registry.
33 error 404 You should bug the author to publish it (or use the name yourself!)
33 error 404
33 error 404 Note that you can also install from a
33 error 404 tarball, folder, http url, or git url.
34 verbose exit [ 1, true ]
